{
  "RSpec": {
    "coverage": {
      "/Users/marcobagnasco/Desktop/test/test_connector/config/environment.rb": [
        null,
        1,
        null,
        null,
        1
      ],
      "/Users/marcobagnasco/Desktop/test/test_connector/config/application.rb": [
        1,
        null,
        1,
        null,
        null,
        null,
        1,
        null,
        1,
        1,
        1,
        1,
        1,
        1,
        null,
        null,
        null,
        null,
        null,
        null,
        null,
        null,
        null,
        null,
        null,
        null,
        null,
        null,
        null,
        1,
        null,
        null
      ],
      "/Users/marcobagnasco/Desktop/test/test_connector/config/boot.rb": [
        1,
        null,
        1
      ],
      "/Users/marcobagnasco/Desktop/test/test_connector/config/environments/test.rb": [
        1,
        null,
        null,
        null,
        null,
        null,
        null,
        1,
        null,
        null,
        null,
        null,
        1,
        null,
        null,
        1,
        1,
        null,
        null,
        1,
        1,
        null,
        null,
        1,
        null,
        null,
        1,
        null,
        null,
        null,
        null,
        1,
        null,
        null,
        1,
        null,
        null,
        1,
        null,
        null,
        null,
        null
      ],
      "/Users/marcobagnasco/Desktop/test/test_connector/config/initializers/assets.rb": [
        null,
        null,
        null,
        1,
        null,
        null,
        null,
        null,
        null,
        null,
        null
      ],
      "/Users/marcobagnasco/Desktop/test/test_connector/config/initializers/backtrace_silencers.rb": [
        null,
        null,
        null,
        null,
        null,
        null,
        null
      ],
      "/Users/marcobagnasco/Desktop/test/test_connector/config/initializers/cookies_serializer.rb": [
        null,
        null,
        1
      ],
      "/Users/marcobagnasco/Desktop/test/test_connector/config/initializers/filter_parameter_logging.rb": [
        null,
        null,
        null,
        1
      ],
      "/Users/marcobagnasco/Desktop/test/test_connector/config/initializers/inflections.rb": [
        null,
        null,
        null,
        null,
        null,
        null,
        null,
        null,
        null,
        null,
        null,
        null,
        null,
        null,
        null,
        null
      ],
      "/Users/marcobagnasco/Desktop/test/test_connector/config/initializers/maestrano.rb": [
        1,
        2,
        null,
        null,
        null,
        null,
        null,
        null,
        null,
        null,
        null,
        2,
        null,
        null,
        null,
        null,
        null,
        2,
        null,
        null,
        null,
        null,
        null,
        null,
        null,
        2,
        2,
        2,
        2,
        null,
        2,
        2,
        null,
        null,
        null,
        null,
        null,
        null,
        null,
        null,
        null,
        null,
        null,
        null,
        null,
        null,
        null,
        null,
        null,
        null,
        null,
        null,
        null,
        null,
        null,
        null,
        null,
        null,
        null,
        2,
        null,
        null,
        null,
        null,
        null,
        null,
        null,
        null,
        null,
        null,
        2,
        null,
        null,
        null,
        null,
        null,
        null,
        null,
        null,
        null,
        null,
        null,
        null,
        null,
        null,
        null,
        null,
        null,
        null,
        null,
        null,
        null,
        null,
        null,
        null,
        null,
        null,
        null,
        null,
        null,
        null,
        null,
        null,
        null,
        null,
        null,
        null,
        null,
        null,
        null,
        null,
        null,
        null,
        null,
        null,
        null,
        null,
        null,
        null,
        null,
        null,
        null,
        null,
        null,
        null,
        null,
        null,
        null,
        2,
        2,
        null,
        2,
        2,
        null,
        null,
        null,
        null,
        2,
        null,
        null,
        null,
        null,
        null,
        null,
        null,
        null,
        null,
        null,
        null,
        null,
        null,
        null,
        null,
        null,
        null,
        null,
        null,
        null,
        null,
        null,
        null,
        null,
        null,
        null,
        null,
        null,
        null,
        null
      ],
      "/Users/marcobagnasco/Desktop/test/test_connector/config/initializers/mime_types.rb": [
        null,
        null,
        null,
        null
      ],
      "/Users/marcobagnasco/Desktop/test/test_connector/config/initializers/session_store.rb": [
        null,
        null,
        1
      ],
      "/Users/marcobagnasco/Desktop/test/test_connector/config/initializers/sidekiq.rb": [
        1,
        null,
        null,
        1,
        1,
        0,
        null
      ],
      "/Users/marcobagnasco/Desktop/test/test_connector/config/initializers/wrap_parameters.rb": [
        null,
        null,
        null,
        null,
        null,
        null,
        1,
        1,
        null,
        null,
        null,
        null,
        null,
        null
      ],
      "/Users/marcobagnasco/Desktop/test/test_connector/spec/factories.rb": [
        1,
        null,
        1,
        1,
        1,
        1,
        1,
        1,
        null,
        null,
        1,
        1,
        1,
        1,
        1,
        1,
        1,
        null,
        null,
        1,
        1,
        1,
        1,
        null,
        null
      ],
      "/Users/marcobagnasco/Desktop/test/test_connector/config/routes.rb": [
        1,
        1,
        1,
        null,
        1,
        1,
        1,
        1,
        1,
        1,
        null,
        1,
        1,
        1,
        1,
        null,
        1,
        1,
        null,
        null
      ],
      "/Users/marcobagnasco/Desktop/test/test_connector/app/helpers/application_helper.rb": [
        1,
        null
      ],
      "/Users/marcobagnasco/Desktop/test/test_connector/app/services/base_client.rb": [
        1,
        null,
        1,
        1,
        null,
        1,
        null,
        1,
        2,
        null,
        null,
        null,
        null,
        null,
        null,
        1,
        1,
        null,
        null,
        null,
        null,
        null,
        null
      ],
      "/Users/marcobagnasco/Desktop/test/test_connector/spec/models/services/query_params_manager_spec.rb": [
        1,
        null,
        1,
        1,
        2,
        null,
        null,
        1,
        1,
        null,
        null,
        null,
        1,
        null,
        null
      ],
      "/Users/marcobagnasco/Desktop/test/test_connector/app/services/query_params_manager.rb": [
        1,
        null,
        1,
        1,
        null,
        1,
        3,
        null,
        null
      ]
    },
    "timestamp": 1467824612
  }
}
